  AssetManager.cpp
  Component.cpp
D:\GIthub_rep\PROG50016\Lab2\GameEngine_lab2\json.hpp(282,31): warning C4267: 'return': conversion from 'size_t' to 'int', possible loss of data
D:\GIthub_rep\PROG50016\Lab2\GameEngine_lab2\json.hpp(295,30): warning C4267: 'return': conversion from 'size_t' to 'int', possible loss of data
D:\GIthub_rep\PROG50016\Lab2\GameEngine_lab2\json.hpp(297,31): warning C4267: 'return': conversion from 'size_t' to 'int', possible loss of data
  Engine.cpp
D:\GIthub_rep\PROG50016\Lab2\GameEngine_lab2\json.hpp(282,31): warning C4267: 'return': conversion from 'size_t' to 'int', possible loss of data
D:\GIthub_rep\PROG50016\Lab2\GameEngine_lab2\json.hpp(295,30): warning C4267: 'return': conversion from 'size_t' to 'int', possible loss of data
D:\GIthub_rep\PROG50016\Lab2\GameEngine_lab2\json.hpp(297,31): warning C4267: 'return': conversion from 'size_t' to 'int', possible loss of data
  Entity.cpp
D:\GIthub_rep\PROG50016\Lab2\GameEngine_lab2\json.hpp(282,31): warning C4267: 'return': conversion from 'size_t' to 'int', possible loss of data
D:\GIthub_rep\PROG50016\Lab2\GameEngine_lab2\json.hpp(295,30): warning C4267: 'return': conversion from 'size_t' to 'int', possible loss of data
D:\GIthub_rep\PROG50016\Lab2\GameEngine_lab2\json.hpp(297,31): warning C4267: 'return': conversion from 'size_t' to 'int', possible loss of data
  json.cpp
D:\GIthub_rep\PROG50016\Lab2\GameEngine_lab2\json.hpp(282,31): warning C4267: 'return': conversion from 'size_t' to 'int', possible loss of data
D:\GIthub_rep\PROG50016\Lab2\GameEngine_lab2\json.hpp(295,30): warning C4267: 'return': conversion from 'size_t' to 'int', possible loss of data
D:\GIthub_rep\PROG50016\Lab2\GameEngine_lab2\json.hpp(297,31): warning C4267: 'return': conversion from 'size_t' to 'int', possible loss of data
  Main.cpp
D:\GIthub_rep\PROG50016\Lab2\GameEngine_lab2\json.hpp(282,31): warning C4267: 'return': conversion from 'size_t' to 'int', possible loss of data
D:\GIthub_rep\PROG50016\Lab2\GameEngine_lab2\json.hpp(295,30): warning C4267: 'return': conversion from 'size_t' to 'int', possible loss of data
D:\GIthub_rep\PROG50016\Lab2\GameEngine_lab2\json.hpp(297,31): warning C4267: 'return': conversion from 'size_t' to 'int', possible loss of data
  InputManager.cpp
  Object.cpp
  RenderSystem.cpp
D:\GIthub_rep\PROG50016\Lab2\GameEngine_lab2\json.hpp(282,31): warning C4267: 'return': conversion from 'size_t' to 'int', possible loss of data
D:\GIthub_rep\PROG50016\Lab2\GameEngine_lab2\json.hpp(295,30): warning C4267: 'return': conversion from 'size_t' to 'int', possible loss of data
D:\GIthub_rep\PROG50016\Lab2\GameEngine_lab2\json.hpp(297,31): warning C4267: 'return': conversion from 'size_t' to 'int', possible loss of data
  Scene.cpp
D:\GIthub_rep\PROG50016\Lab2\GameEngine_lab2\json.hpp(282,31): warning C4267: 'return': conversion from 'size_t' to 'int', possible loss of data
D:\GIthub_rep\PROG50016\Lab2\GameEngine_lab2\json.hpp(295,30): warning C4267: 'return': conversion from 'size_t' to 'int', possible loss of data
D:\GIthub_rep\PROG50016\Lab2\GameEngine_lab2\json.hpp(297,31): warning C4267: 'return': conversion from 'size_t' to 'int', possible loss of data
  SceneManager.cpp
D:\GIthub_rep\PROG50016\Lab2\GameEngine_lab2\json.hpp(282,31): warning C4267: 'return': conversion from 'size_t' to 'int', possible loss of data
D:\GIthub_rep\PROG50016\Lab2\GameEngine_lab2\json.hpp(295,30): warning C4267: 'return': conversion from 'size_t' to 'int', possible loss of data
D:\GIthub_rep\PROG50016\Lab2\GameEngine_lab2\json.hpp(297,31): warning C4267: 'return': conversion from 'size_t' to 'int', possible loss of data
  Generating Code...
  GameEngine_lab2.vcxproj -> D:\GIthub_rep\PROG50016\Lab2\x64\Debug\GameEngine_lab2.exe
  D:\GIthub_rep\PROG50016\Lab2\SDL\lib\x64\libmodplug-1.dll
  D:\GIthub_rep\PROG50016\Lab2\SDL\lib\x64\libogg-0.dll
  D:\GIthub_rep\PROG50016\Lab2\SDL\lib\x64\libopus-0.dll
  D:\GIthub_rep\PROG50016\Lab2\SDL\lib\x64\libopusfile-0.dll
  D:\GIthub_rep\PROG50016\Lab2\SDL\lib\x64\libtiff-5.dll
  D:\GIthub_rep\PROG50016\Lab2\SDL\lib\x64\libwebp-7.dll
  D:\GIthub_rep\PROG50016\Lab2\SDL\lib\x64\SDL2.dll
  D:\GIthub_rep\PROG50016\Lab2\SDL\lib\x64\SDL2_image.dll
  D:\GIthub_rep\PROG50016\Lab2\SDL\lib\x64\SDL2_mixer.dll
  D:\GIthub_rep\PROG50016\Lab2\SDL\lib\x64\SDL2_ttf.dll
         10 file(s) copied.
